<eObjectEntry  timestamp='1329724867363' resUri='platform:/resource/ovinger/jex/ov5.jex' fragmentId='//@requirements.0/@requirements.0/@requirements.3' key='test run status' value='false'/>
<eObjectEntry  timestamp='1329724872256' resUri='platform:/resource/ovinger/jex/ov5.jex' fragmentId='//@requirements.0/@requirements.0/@requirements.7' key='test run status' value='false'/>
<eObjectEntry  timestamp='1329724878079' resUri='platform:/resource/ovinger/jex/ov5.jex' fragmentId='//@requirements.0/@requirements.0/@requirements.4' key='test run status' value='false'/>
<eObjectEntry  timestamp='1329724934958' resUri='platform:/resource/ovinger/jex/ov5.jex' fragmentId='//@requirements.0/@requirements.0/@requirements.4' key='test run status' value='false'/>
<eObjectEntry  timestamp='1329725006910' resUri='platform:/resource/ovinger/jex/ov5.jex' fragmentId='//@requirements.0/@requirements.0/@requirements.4' key='test run status' value='false'/>
<eObjectEntry  timestamp='1329725030391' resUri='platform:/resource/ovinger/jex/ov5.jex' fragmentId='//@requirements.0/@requirements.0/@requirements.4' key='test run status' value='false'/>
<eResourceEntry  timestamp='1329815922177' resUri='platform:/resource/ovinger/jex/ov5.jex' key='resource selected' value='null'/>
<eObjectEntry  timestamp='1329815984656' resUri='platform:/resource/ovinger/jex/ov5.jex' fragmentId='//@requirements.0/@requirements.0/@requirements.3' key='junit test launch' value='testPerson'/>
<eObjectEntry  timestamp='1329815985283' resUri='platform:/resource/ovinger/jex/ov5.jex' fragmentId='//@requirements.0/@requirements.0/@requirements.3' key='test run status' value='true'/>
<eObjectEntry  timestamp='1329815993094' resUri='platform:/resource/ovinger/jex/ov5.jex' fragmentId='//@requirements.0/@requirements.0/@requirements.4' key='junit test launch' value='testGender'/>
<eObjectEntry  timestamp='1329815993484' resUri='platform:/resource/ovinger/jex/ov5.jex' fragmentId='//@requirements.0/@requirements.0/@requirements.4' key='test run status' value='true'/>
<eObjectEntry  timestamp='1329816004683' resUri='platform:/resource/ovinger/jex/ov5.jex' fragmentId='//@requirements.0/@requirements.0/@requirements.7' key='junit test launch' value='testGetSetName'/>
<eObjectEntry  timestamp='1329816005166' resUri='platform:/resource/ovinger/jex/ov5.jex' fragmentId='//@requirements.0/@requirements.0/@requirements.7' key='test run status' value='true'/>
<eObjectEntry  timestamp='1329816263550' resUri='platform:/resource/ovinger/jex/ov5.jex' fragmentId='//@requirements.0/@requirements.0/@requirements.7' key='junit test launch' value='testGetSetName'/>
<eObjectEntry  timestamp='1329816264035' resUri='platform:/resource/ovinger/jex/ov5.jex' fragmentId='//@requirements.0/@requirements.0/@requirements.7' key='test run status' value='true'/>
<eObjectEntry  timestamp='1329816578400' resUri='platform:/resource/ovinger/jex/ov5.jex' fragmentId='//@requirements.1/@requirements.0/@requirements.8' key='junit test launch' value='testAddChild'/>
<eObjectEntry  timestamp='1329816578873' resUri='platform:/resource/ovinger/jex/ov5.jex' fragmentId='//@requirements.1/@requirements.0/@requirements.8' key='test run status' value='false'/>
<eObjectEntry  timestamp='1329816632743' resUri='platform:/resource/ovinger/jex/ov5.jex' fragmentId='//@requirements.1/@requirements.0/@requirements.9' key='junit test launch' value='testSetAsAddChild'/>
<eObjectEntry  timestamp='1329816633201' resUri='platform:/resource/ovinger/jex/ov5.jex' fragmentId='//@requirements.1/@requirements.0/@requirements.9' key='test run status' value='true'/>
<eObjectEntry  timestamp='1329816637302' resUri='platform:/resource/ovinger/jex/ov5.jex' fragmentId='//@requirements.1/@requirements.0/@requirements.10' key='junit test launch' value='testRemoveChild'/>
<eObjectEntry  timestamp='1329816637760' resUri='platform:/resource/ovinger/jex/ov5.jex' fragmentId='//@requirements.1/@requirements.0/@requirements.10' key='test run status' value='false'/>
<eObjectEntry  timestamp='1329816737550' resUri='platform:/resource/ovinger/jex/ov5.jex' fragmentId='//@requirements.1/@requirements.0/@requirements.11' key='junit test launch' value='testSetAsRemoveChild'/>
<eObjectEntry  timestamp='1329816737998' resUri='platform:/resource/ovinger/jex/ov5.jex' fragmentId='//@requirements.1/@requirements.0/@requirements.11' key='test run status' value='false'/>
<eObjectEntry  timestamp='1329816742418' resUri='platform:/resource/ovinger/jex/ov5.jex' fragmentId='//@requirements.1/@requirements.0/@requirements.12' key='junit test launch' value='testGetSetParents'/>
<eObjectEntry  timestamp='1329816742900' resUri='platform:/resource/ovinger/jex/ov5.jex' fragmentId='//@requirements.1/@requirements.0/@requirements.12' key='test run status' value='true'/>
<eObjectEntry  timestamp='1329816749582' resUri='platform:/resource/ovinger/jex/ov5.jex' fragmentId='//@requirements.1/@requirements.0/@requirements.11' key='junit test launch' value='testSetAsRemoveChild'/>
<eObjectEntry  timestamp='1329816750037' resUri='platform:/resource/ovinger/jex/ov5.jex' fragmentId='//@requirements.1/@requirements.0/@requirements.11' key='test run status' value='false'/>
<eObjectEntry  timestamp='1329816863875' resUri='platform:/resource/ovinger/jex/ov5.jex' fragmentId='//@requirements.1/@requirements.0/@requirements.8' key='junit test launch' value='testAddChild'/>
<eObjectEntry  timestamp='1329816864350' resUri='platform:/resource/ovinger/jex/ov5.jex' fragmentId='//@requirements.1/@requirements.0/@requirements.8' key='test run status' value='false'/>
<eObjectEntry  timestamp='1329817089460' resUri='platform:/resource/ovinger/jex/ov5.jex' fragmentId='//@requirements.1/@requirements.0/@requirements.8' key='junit test launch' value='testAddChild'/>
<eObjectEntry  timestamp='1329817089830' resUri='platform:/resource/ovinger/jex/ov5.jex' fragmentId='//@requirements.1/@requirements.0/@requirements.8' key='test run status' value='false'/>
<eObjectEntry  timestamp='1329817105545' resUri='platform:/resource/ovinger/jex/ov5.jex' fragmentId='//@requirements.1/@requirements.0/@requirements.10' key='junit test launch' value='testRemoveChild'/>
<eObjectEntry  timestamp='1329817106017' resUri='platform:/resource/ovinger/jex/ov5.jex' fragmentId='//@requirements.1/@requirements.0/@requirements.10' key='test run status' value='true'/>
<eObjectEntry  timestamp='1329817110392' resUri='platform:/resource/ovinger/jex/ov5.jex' fragmentId='//@requirements.1/@requirements.0/@requirements.11' key='junit test launch' value='testSetAsRemoveChild'/>
<eObjectEntry  timestamp='1329817110848' resUri='platform:/resource/ovinger/jex/ov5.jex' fragmentId='//@requirements.1/@requirements.0/@requirements.11' key='test run status' value='false'/>
<eObjectEntry  timestamp='1329817245137' resUri='platform:/resource/ovinger/jex/ov5.jex' fragmentId='//@requirements.1/@requirements.0/@requirements.11' key='junit test launch' value='testSetAsRemoveChild'/>
<eObjectEntry  timestamp='1329817245591' resUri='platform:/resource/ovinger/jex/ov5.jex' fragmentId='//@requirements.1/@requirements.0/@requirements.11' key='test run status' value='false'/>
<eObjectEntry  timestamp='1329817255592' resUri='platform:/resource/ovinger/jex/ov5.jex' fragmentId='//@requirements.1/@requirements.0/@requirements.8' key='junit test launch' value='testAddChild'/>
<eObjectEntry  timestamp='1329817255951' resUri='platform:/resource/ovinger/jex/ov5.jex' fragmentId='//@requirements.1/@requirements.0/@requirements.8' key='test run status' value='false'/>
<eObjectEntry  timestamp='1329817282823' resUri='platform:/resource/ovinger/jex/ov5.jex' fragmentId='//@requirements.1/@requirements.0/@requirements.11' key='junit test launch' value='testSetAsRemoveChild'/>
<eObjectEntry  timestamp='1329817286074' resUri='platform:/resource/ovinger/jex/ov5.jex' fragmentId='//@requirements.1/@requirements.0/@requirements.11' key='test run status' value='false'/>
<eObjectEntry  timestamp='1329817289119' resUri='platform:/resource/ovinger/jex/ov5.jex' fragmentId='//@requirements.1/@requirements.0/@requirements.12' key='junit test launch' value='testGetSetParents'/>
<eObjectEntry  timestamp='1329817289593' resUri='platform:/resource/ovinger/jex/ov5.jex' fragmentId='//@requirements.1/@requirements.0/@requirements.12' key='test run status' value='true'/>
<eObjectEntry  timestamp='1329817294045' resUri='platform:/resource/ovinger/jex/ov5.jex' fragmentId='//@requirements.1/@requirements.0/@requirements.10' key='junit test launch' value='testRemoveChild'/>
<eObjectEntry  timestamp='1329817294523' resUri='platform:/resource/ovinger/jex/ov5.jex' fragmentId='//@requirements.1/@requirements.0/@requirements.10' key='test run status' value='true'/>
<eObjectEntry  timestamp='1329820403138' resUri='platform:/resource/ovinger/jex/ov5.jex' fragmentId='//@requirements.1/@requirements.0/@requirements.8' key='junit test launch' value='testAddChild'/>
<eObjectEntry  timestamp='1329820403506' resUri='platform:/resource/ovinger/jex/ov5.jex' fragmentId='//@requirements.1/@requirements.0/@requirements.8' key='test run status' value='false'/>
<eObjectEntry  timestamp='1329821145729' resUri='platform:/resource/ovinger/jex/ov5.jex' fragmentId='//@requirements.1/@requirements.0/@requirements.8' key='junit test launch' value='testAddChild'/>
<eObjectEntry  timestamp='1329821146090' resUri='platform:/resource/ovinger/jex/ov5.jex' fragmentId='//@requirements.1/@requirements.0/@requirements.8' key='test run status' value='false'/>
<eObjectEntry  timestamp='1329821254784' resUri='platform:/resource/ovinger/jex/ov5.jex' fragmentId='//@requirements.1/@requirements.0/@requirements.11' key='junit test launch' value='testSetAsRemoveChild'/>
<eObjectEntry  timestamp='1329821255276' resUri='platform:/resource/ovinger/jex/ov5.jex' fragmentId='//@requirements.1/@requirements.0/@requirements.11' key='test run status' value='false'/>
<eObjectEntry  timestamp='1329821324616' resUri='platform:/resource/ovinger/jex/ov5.jex' fragmentId='//@requirements.1/@requirements.0/@requirements.8' key='junit test launch' value='testAddChild'/>
<eObjectEntry  timestamp='1329821325070' resUri='platform:/resource/ovinger/jex/ov5.jex' fragmentId='//@requirements.1/@requirements.0/@requirements.8' key='test run status' value='false'/>
<eObjectEntry  timestamp='1329980337171' resUri='platform:/resource/ovinger/jex/ov5.jex' fragmentId='//@requirements.1/@requirements.0/@requirements.8' key='junit test launch' value='testAddChild'/>
<eObjectEntry  timestamp='1329980337837' resUri='platform:/resource/ovinger/jex/ov5.jex' fragmentId='//@requirements.1/@requirements.0/@requirements.8' key='test run status' value='true'/>
<eObjectEntry  timestamp='1329980365117' resUri='platform:/resource/ovinger/jex/ov5.jex' fragmentId='//@requirements.1/@requirements.0/@requirements.11' key='junit test launch' value='testSetAsRemoveChild'/>
<eObjectEntry  timestamp='1329980365606' resUri='platform:/resource/ovinger/jex/ov5.jex' fragmentId='//@requirements.1/@requirements.0/@requirements.11' key='test run status' value='false'/>
<eObjectEntry  timestamp='1329980422623' resUri='platform:/resource/ovinger/jex/ov5.jex' fragmentId='//@requirements.1/@requirements.0/@requirements.11' key='junit test launch' value='testSetAsRemoveChild'/>
<eObjectEntry  timestamp='1329980423034' resUri='platform:/resource/ovinger/jex/ov5.jex' fragmentId='//@requirements.1/@requirements.0/@requirements.11' key='test run status' value='false'/>
<eObjectEntry  timestamp='1329980776257' resUri='platform:/resource/ovinger/jex/ov5.jex' fragmentId='//@requirements.1/@requirements.0/@requirements.11' key='junit test launch' value='testSetAsRemoveChild'/>
<eObjectEntry  timestamp='1329980776758' resUri='platform:/resource/ovinger/jex/ov5.jex' fragmentId='//@requirements.1/@requirements.0/@requirements.11' key='test run status' value='false'/>
<eObjectEntry  timestamp='1329985636571' resUri='platform:/resource/ovinger/jex/ov5.jex' fragmentId='//@requirements.1/@requirements.0/@requirements.11' key='junit test launch' value='testSetAsRemoveChild'/>
<eObjectEntry  timestamp='1329985637129' resUri='platform:/resource/ovinger/jex/ov5.jex' fragmentId='//@requirements.1/@requirements.0/@requirements.11' key='test run status' value='true'/>
<eObjectEntry  timestamp='1329986173740' resUri='platform:/resource/ovinger/jex/ov5.jex' fragmentId='//@requirements.2/@requirements.0/@requirements.2' key='junit test launch' value='testIndexOfChild'/>
<eObjectEntry  timestamp='1329986174112' resUri='platform:/resource/ovinger/jex/ov5.jex' fragmentId='//@requirements.2/@requirements.0/@requirements.2' key='test run status' value='true'/>
<eObjectEntry  timestamp='1329987560920' resUri='platform:/resource/ovinger/jex/ov5.jex' fragmentId='//@requirements.2/@requirements.0/@requirements.3' key='junit test launch' value='testContainsChild'/>
<eObjectEntry  timestamp='1329987563193' resUri='platform:/resource/ovinger/jex/ov5.jex' fragmentId='//@requirements.2/@requirements.0/@requirements.3' key='test run status' value='true'/>
<eObjectEntry  timestamp='1329992351737' resUri='platform:/resource/ovinger/jex/ov5.jex' fragmentId='//@requirements.2/@requirements.0/@requirements.5' key='junit test launch' value='testIsAncestorOf'/>
<eObjectEntry  timestamp='1329992352225' resUri='platform:/resource/ovinger/jex/ov5.jex' fragmentId='//@requirements.2/@requirements.0/@requirements.5' key='test run status' value='true'/>
<eResourceEntry  timestamp='1330367588402' resUri='platform:/resource/ovinger/jex/ov5.jex' key='resource selected' value='null'/>
<eObjectEntry  timestamp='1330367616185' resUri='platform:/resource/ovinger/jex/ov5.jex' fragmentId='//@requirements.0/@requirements.0/@requirements.3' key='junit test launch' value='testPerson'/>
<eObjectEntry  timestamp='1330367617395' resUri='platform:/resource/ovinger/jex/ov5.jex' fragmentId='//@requirements.0/@requirements.0/@requirements.3' key='test run status' value='true'/>
<eObjectEntry  timestamp='1330367622763' resUri='platform:/resource/ovinger/jex/ov5.jex' fragmentId='//@requirements.0/@requirements.0/@requirements.4' key='junit test launch' value='testGender'/>
<eObjectEntry  timestamp='1330367623361' resUri='platform:/resource/ovinger/jex/ov5.jex' fragmentId='//@requirements.0/@requirements.0/@requirements.4' key='test run status' value='true'/>
<eObjectEntry  timestamp='1330367628312' resUri='platform:/resource/ovinger/jex/ov5.jex' fragmentId='//@requirements.0/@requirements.0/@requirements.7' key='junit test launch' value='testGetSetName'/>
<eObjectEntry  timestamp='1330367628860' resUri='platform:/resource/ovinger/jex/ov5.jex' fragmentId='//@requirements.0/@requirements.0/@requirements.7' key='test run status' value='true'/>
<eObjectEntry  timestamp='1330367640750' resUri='platform:/resource/ovinger/jex/ov5.jex' fragmentId='//@requirements.1/@requirements.0/@requirements.8' key='junit test launch' value='testAddChild'/>
<eObjectEntry  timestamp='1330367641239' resUri='platform:/resource/ovinger/jex/ov5.jex' fragmentId='//@requirements.1/@requirements.0/@requirements.8' key='test run status' value='true'/>
<eObjectEntry  timestamp='1330367658554' resUri='platform:/resource/ovinger/jex/ov5.jex' fragmentId='//@requirements.1/@requirements.0/@requirements.9' key='junit test launch' value='testSetAsAddChild'/>
<eObjectEntry  timestamp='1330367659047' resUri='platform:/resource/ovinger/jex/ov5.jex' fragmentId='//@requirements.1/@requirements.0/@requirements.9' key='test run status' value='true'/>
<eObjectEntry  timestamp='1330367665209' resUri='platform:/resource/ovinger/jex/ov5.jex' fragmentId='//@requirements.1/@requirements.0/@requirements.10' key='junit test launch' value='testRemoveChild'/>
<eObjectEntry  timestamp='1330367665788' resUri='platform:/resource/ovinger/jex/ov5.jex' fragmentId='//@requirements.1/@requirements.0/@requirements.10' key='test run status' value='true'/>
<eObjectEntry  timestamp='1330367697644' resUri='platform:/resource/ovinger/jex/ov5.jex' fragmentId='//@requirements.1/@requirements.0/@requirements.11' key='junit test launch' value='testSetAsRemoveChild'/>
<eObjectEntry  timestamp='1330367698035' resUri='platform:/resource/ovinger/jex/ov5.jex' fragmentId='//@requirements.1/@requirements.0/@requirements.11' key='test run status' value='true'/>
<eObjectEntry  timestamp='1330367701391' resUri='platform:/resource/ovinger/jex/ov5.jex' fragmentId='//@requirements.1/@requirements.0/@requirements.12' key='junit test launch' value='testGetSetParents'/>
<eObjectEntry  timestamp='1330367701857' resUri='platform:/resource/ovinger/jex/ov5.jex' fragmentId='//@requirements.1/@requirements.0/@requirements.12' key='test run status' value='true'/>
<eObjectEntry  timestamp='1330367709847' resUri='platform:/resource/ovinger/jex/ov5.jex' fragmentId='//@requirements.2/@requirements.0/@requirements.2' key='junit test launch' value='testIndexOfChild'/>
<eObjectEntry  timestamp='1330367710257' resUri='platform:/resource/ovinger/jex/ov5.jex' fragmentId='//@requirements.2/@requirements.0/@requirements.2' key='test run status' value='true'/>
<eObjectEntry  timestamp='1330367713295' resUri='platform:/resource/ovinger/jex/ov5.jex' fragmentId='//@requirements.2/@requirements.0/@requirements.3' key='junit test launch' value='testContainsChild'/>
<eObjectEntry  timestamp='1330367713710' resUri='platform:/resource/ovinger/jex/ov5.jex' fragmentId='//@requirements.2/@requirements.0/@requirements.3' key='test run status' value='true'/>
<eObjectEntry  timestamp='1330367716231' resUri='platform:/resource/ovinger/jex/ov5.jex' fragmentId='//@requirements.2/@requirements.0/@requirements.5' key='junit test launch' value='testIsAncestorOf'/>
<eObjectEntry  timestamp='1330367716915' resUri='platform:/resource/ovinger/jex/ov5.jex' fragmentId='//@requirements.2/@requirements.0/@requirements.5' key='test run status' value='true'/>
<eObjectEntry  timestamp='1330372778091' resUri='platform:/resource/ovinger/jex/ov5.jex' fragmentId='//@requirements.3/@requirements.0/@requirements.4' key='junit test launch' value='testCard'/>
<eObjectEntry  timestamp='1330372780141' resUri='platform:/resource/ovinger/jex/ov5.jex' fragmentId='//@requirements.3/@requirements.0/@requirements.4' key='test run status' value='true'/>
<eObjectEntry  timestamp='1330372783050' resUri='platform:/resource/ovinger/jex/ov5.jex' fragmentId='//@requirements.3/@requirements.0/@requirements.5' key='junit test launch' value='testToString'/>
<eObjectEntry  timestamp='1330372783440' resUri='platform:/resource/ovinger/jex/ov5.jex' fragmentId='//@requirements.3/@requirements.0/@requirements.5' key='test run status' value='true'/>
<eObjectEntry  timestamp='1330509125656' resUri='platform:/resource/ovinger/jex/ov5.jex' fragmentId='//@requirements.3/@requirements.0/@requirements.5' key='junit test launch' value='testToString'/>
<eObjectEntry  timestamp='1330509126379' resUri='platform:/resource/ovinger/jex/ov5.jex' fragmentId='//@requirements.3/@requirements.0/@requirements.5' key='test run status' value='true'/>
<eObjectEntry  timestamp='1330509129609' resUri='platform:/resource/ovinger/jex/ov5.jex' fragmentId='//@requirements.3/@requirements.0/@requirements.4' key='junit test launch' value='testCard'/>
<eObjectEntry  timestamp='1330509130069' resUri='platform:/resource/ovinger/jex/ov5.jex' fragmentId='//@requirements.3/@requirements.0/@requirements.4' key='test run status' value='true'/>
<eObjectEntry  timestamp='1330509232644' resUri='platform:/resource/ovinger/jex/ov5.jex' fragmentId='//@requirements.3/@requirements.1/@requirements.3' key='junit test launch' value='testCardDeck'/>
<eObjectEntry  timestamp='1330509234791' resUri='platform:/resource/ovinger/jex/ov5.jex' fragmentId='//@requirements.3/@requirements.1/@requirements.3' key='test run status' value='false'/>
<eObjectEntry  timestamp='1330509633198' resUri='platform:/resource/ovinger/jex/ov5.jex' fragmentId='//@requirements.3/@requirements.1/@requirements.3' key='junit test launch' value='testCardDeck'/>
<eObjectEntry  timestamp='1330509635916' resUri='platform:/resource/ovinger/jex/ov5.jex' fragmentId='//@requirements.3/@requirements.1/@requirements.3' key='test run status' value='false'/>
<eObjectEntry  timestamp='1330509750511' resUri='platform:/resource/ovinger/jex/ov5.jex' fragmentId='//@requirements.3/@requirements.1/@requirements.3' key='junit test launch' value='testCardDeck'/>
<eObjectEntry  timestamp='1330509752878' resUri='platform:/resource/ovinger/jex/ov5.jex' fragmentId='//@requirements.3/@requirements.1/@requirements.3' key='test run status' value='false'/>
<eObjectEntry  timestamp='1330509809140' resUri='platform:/resource/ovinger/jex/ov5.jex' fragmentId='//@requirements.3/@requirements.1/@requirements.3' key='junit test launch' value='testCardDeck'/>
<eObjectEntry  timestamp='1330509809656' resUri='platform:/resource/ovinger/jex/ov5.jex' fragmentId='//@requirements.3/@requirements.1/@requirements.3' key='test run status' value='false'/>
<eObjectEntry  timestamp='1330509992232' resUri='platform:/resource/ovinger/jex/ov5.jex' fragmentId='//@requirements.3/@requirements.1/@requirements.4' key='junit test launch' value='testGetCard'/>
<eObjectEntry  timestamp='1330509994345' resUri='platform:/resource/ovinger/jex/ov5.jex' fragmentId='//@requirements.3/@requirements.1/@requirements.4' key='test run status' value='false'/>
<eObjectEntry  timestamp='1330509997582' resUri='platform:/resource/ovinger/jex/ov5.jex' fragmentId='//@requirements.3/@requirements.1/@requirements.3' key='junit test launch' value='testCardDeck'/>
<eObjectEntry  timestamp='1330509997982' resUri='platform:/resource/ovinger/jex/ov5.jex' fragmentId='//@requirements.3/@requirements.1/@requirements.3' key='test run status' value='false'/>
<eObjectEntry  timestamp='1330510818196' resUri='platform:/resource/ovinger/jex/ov5.jex' fragmentId='//@requirements.3/@requirements.0/@requirements.4' key='junit test launch' value='testCard'/>
<eObjectEntry  timestamp='1330510818594' resUri='platform:/resource/ovinger/jex/ov5.jex' fragmentId='//@requirements.3/@requirements.0/@requirements.4' key='test run status' value='true'/>
<eObjectEntry  timestamp='1330510822506' resUri='platform:/resource/ovinger/jex/ov5.jex' fragmentId='//@requirements.3/@requirements.0/@requirements.5' key='junit test launch' value='testToString'/>
<eObjectEntry  timestamp='1330510822929' resUri='platform:/resource/ovinger/jex/ov5.jex' fragmentId='//@requirements.3/@requirements.0/@requirements.5' key='test run status' value='true'/>
<eObjectEntry  timestamp='1330510852767' resUri='platform:/resource/ovinger/jex/ov5.jex' fragmentId='//@requirements.3/@requirements.1/@requirements.3' key='junit test launch' value='testCardDeck'/>
<eObjectEntry  timestamp='1330510853119' resUri='platform:/resource/ovinger/jex/ov5.jex' fragmentId='//@requirements.3/@requirements.1/@requirements.3' key='test run status' value='false'/>
<eObjectEntry  timestamp='1330510964177' resUri='platform:/resource/ovinger/jex/ov5.jex' fragmentId='//@requirements.3/@requirements.1/@requirements.3' key='junit test launch' value='testCardDeck'/>
<eObjectEntry  timestamp='1330510964677' resUri='platform:/resource/ovinger/jex/ov5.jex' fragmentId='//@requirements.3/@requirements.1/@requirements.3' key='test run status' value='true'/>
<eObjectEntry  timestamp='1330510968835' resUri='platform:/resource/ovinger/jex/ov5.jex' fragmentId='//@requirements.3/@requirements.1/@requirements.4' key='junit test launch' value='testGetCard'/>
<eObjectEntry  timestamp='1330510969346' resUri='platform:/resource/ovinger/jex/ov5.jex' fragmentId='//@requirements.3/@requirements.1/@requirements.4' key='test run status' value='true'/>
<eObjectEntry  timestamp='1330511467580' resUri='platform:/resource/ovinger/jex/ov5.jex' fragmentId='//@requirements.3/@requirements.1/@requirements.6' key='junit test launch' value='testDeal'/>
<eObjectEntry  timestamp='1330511467951' resUri='platform:/resource/ovinger/jex/ov5.jex' fragmentId='//@requirements.3/@requirements.1/@requirements.6' key='test run status' value='false'/>
<eObjectEntry  timestamp='1330511616580' resUri='platform:/resource/ovinger/jex/ov5.jex' fragmentId='//@requirements.3/@requirements.1/@requirements.6' key='junit test launch' value='testDeal'/>
<eObjectEntry  timestamp='1330511617058' resUri='platform:/resource/ovinger/jex/ov5.jex' fragmentId='//@requirements.3/@requirements.1/@requirements.6' key='test run status' value='false'/>
<eObjectEntry  timestamp='1330539368490' resUri='platform:/resource/ovinger/jex/ov5.jex' fragmentId='//@requirements.3/@requirements.1/@requirements.6' key='junit test launch' value='testDeal'/>
<eObjectEntry  timestamp='1330539368958' resUri='platform:/resource/ovinger/jex/ov5.jex' fragmentId='//@requirements.3/@requirements.1/@requirements.6' key='test run status' value='false'/>
<eObjectEntry  timestamp='1330539493500' resUri='platform:/resource/ovinger/jex/ov5.jex' fragmentId='//@requirements.3/@requirements.1/@requirements.6' key='junit test launch' value='testDeal'/>
<eObjectEntry  timestamp='1330539494392' resUri='platform:/resource/ovinger/jex/ov5.jex' fragmentId='//@requirements.3/@requirements.1/@requirements.6' key='test run status' value='false'/>
<eObjectEntry  timestamp='1330539644285' resUri='platform:/resource/ovinger/jex/ov5.jex' fragmentId='//@requirements.3/@requirements.1/@requirements.6' key='junit test launch' value='testDeal'/>
<eObjectEntry  timestamp='1330539644764' resUri='platform:/resource/ovinger/jex/ov5.jex' fragmentId='//@requirements.3/@requirements.1/@requirements.6' key='test run status' value='false'/>
<eObjectEntry  timestamp='1330539807591' resUri='platform:/resource/ovinger/jex/ov5.jex' fragmentId='//@requirements.3/@requirements.1/@requirements.6' key='junit test launch' value='testDeal'/>
<eObjectEntry  timestamp='1330539807981' resUri='platform:/resource/ovinger/jex/ov5.jex' fragmentId='//@requirements.3/@requirements.1/@requirements.6' key='test run status' value='false'/>
<eObjectEntry  timestamp='1330539909168' resUri='platform:/resource/ovinger/jex/ov5.jex' fragmentId='//@requirements.3/@requirements.1/@requirements.6' key='junit test launch' value='testDeal'/>
<eObjectEntry  timestamp='1330539909617' resUri='platform:/resource/ovinger/jex/ov5.jex' fragmentId='//@requirements.3/@requirements.1/@requirements.6' key='test run status' value='false'/>
<eObjectEntry  timestamp='1330541200795' resUri='platform:/resource/ovinger/jex/ov5.jex' fragmentId='//@requirements.3/@requirements.1/@requirements.6' key='junit test launch' value='testDeal'/>
<eObjectEntry  timestamp='1330541201284' resUri='platform:/resource/ovinger/jex/ov5.jex' fragmentId='//@requirements.3/@requirements.1/@requirements.6' key='test run status' value='false'/>
<eObjectEntry  timestamp='1330541430848' resUri='platform:/resource/ovinger/jex/ov5.jex' fragmentId='//@requirements.3/@requirements.1/@requirements.6' key='junit test launch' value='testDeal'/>
<eObjectEntry  timestamp='1330541431310' resUri='platform:/resource/ovinger/jex/ov5.jex' fragmentId='//@requirements.3/@requirements.1/@requirements.6' key='test run status' value='false'/>
<eObjectEntry  timestamp='1330715245072' resUri='platform:/resource/ovinger/jex/ov5.jex' fragmentId='//@requirements.3/@requirements.1/@requirements.6' key='junit test launch' value='testDeal'/>
<eObjectEntry  timestamp='1330715245748' resUri='platform:/resource/ovinger/jex/ov5.jex' fragmentId='//@requirements.3/@requirements.1/@requirements.6' key='test run status' value='false'/>
<eObjectEntry  timestamp='1330715459233' resUri='platform:/resource/ovinger/jex/ov5.jex' fragmentId='//@requirements.3/@requirements.1/@requirements.6' key='junit test launch' value='testDeal'/>
<eObjectEntry  timestamp='1330715459600' resUri='platform:/resource/ovinger/jex/ov5.jex' fragmentId='//@requirements.3/@requirements.1/@requirements.6' key='test run status' value='false'/>
<eObjectEntry  timestamp='1330715988994' resUri='platform:/resource/ovinger/jex/ov5.jex' fragmentId='//@requirements.3/@requirements.1/@requirements.6' key='junit test launch' value='testDeal'/>
<eObjectEntry  timestamp='1330715989361' resUri='platform:/resource/ovinger/jex/ov5.jex' fragmentId='//@requirements.3/@requirements.1/@requirements.6' key='test run status' value='false'/>
<eObjectEntry  timestamp='1330716737658' resUri='platform:/resource/ovinger/jex/ov5.jex' fragmentId='//@requirements.3/@requirements.1/@requirements.6' key='junit test launch' value='testDeal'/>
<eObjectEntry  timestamp='1330716737988' resUri='platform:/resource/ovinger/jex/ov5.jex' fragmentId='//@requirements.3/@requirements.1/@requirements.6' key='test run status' value='false'/>
<eObjectEntry  timestamp='1330716886860' resUri='platform:/resource/ovinger/jex/ov5.jex' fragmentId='//@requirements.3/@requirements.1/@requirements.6' key='junit test launch' value='testDeal'/>
<eObjectEntry  timestamp='1330716889362' resUri='platform:/resource/ovinger/jex/ov5.jex' fragmentId='//@requirements.3/@requirements.1/@requirements.6' key='test run status' value='false'/>
<eResourceEntry  timestamp='1330959944082' resUri='platform:/resource/ovinger/jex/ov5.jex' key='resource selected' value='null'/>
<eObjectEntry  timestamp='1330959954711' resUri='platform:/resource/ovinger/jex/ov5.jex' fragmentId='//@requirements.3/@requirements.0/@requirements.4' key='junit test launch' value='testCard'/>
<eObjectEntry  timestamp='1330959955842' resUri='platform:/resource/ovinger/jex/ov5.jex' fragmentId='//@requirements.3/@requirements.0/@requirements.4' key='test run status' value='true'/>
<eObjectEntry  timestamp='1330959959228' resUri='platform:/resource/ovinger/jex/ov5.jex' fragmentId='//@requirements.3/@requirements.0/@requirements.5' key='junit test launch' value='testToString'/>
<eObjectEntry  timestamp='1330959959784' resUri='platform:/resource/ovinger/jex/ov5.jex' fragmentId='//@requirements.3/@requirements.0/@requirements.5' key='test run status' value='true'/>
<eObjectEntry  timestamp='1330959966981' resUri='platform:/resource/ovinger/jex/ov5.jex' fragmentId='//@requirements.3/@requirements.1/@requirements.3' key='junit test launch' value='testCardDeck'/>
<eObjectEntry  timestamp='1330959967486' resUri='platform:/resource/ovinger/jex/ov5.jex' fragmentId='//@requirements.3/@requirements.1/@requirements.3' key='test run status' value='true'/>
<eObjectEntry  timestamp='1330959970951' resUri='platform:/resource/ovinger/jex/ov5.jex' fragmentId='//@requirements.3/@requirements.1/@requirements.4' key='junit test launch' value='testGetCard'/>
<eObjectEntry  timestamp='1330959971319' resUri='platform:/resource/ovinger/jex/ov5.jex' fragmentId='//@requirements.3/@requirements.1/@requirements.4' key='test run status' value='true'/>
<eObjectEntry  timestamp='1330959976446' resUri='platform:/resource/ovinger/jex/ov5.jex' fragmentId='//@requirements.3/@requirements.1/@requirements.6' key='junit test launch' value='testDeal'/>
<eObjectEntry  timestamp='1330959976873' resUri='platform:/resource/ovinger/jex/ov5.jex' fragmentId='//@requirements.3/@requirements.1/@requirements.6' key='test run status' value='false'/>
<eObjectEntry  timestamp='1330959990296' resUri='platform:/resource/ovinger/jex/ov5.jex' fragmentId='//@requirements.3/@requirements.1/@requirements.6' key='junit test launch' value='testDeal'/>
<eObjectEntry  timestamp='1330959990777' resUri='platform:/resource/ovinger/jex/ov5.jex' fragmentId='//@requirements.3/@requirements.1/@requirements.6' key='test run status' value='false'/>
<eObjectEntry  timestamp='1330960056941' resUri='platform:/resource/ovinger/jex/ov5.jex' fragmentId='//@requirements.3/@requirements.1/@requirements.6' key='junit test launch' value='testDeal'/>
<eObjectEntry  timestamp='1330960057408' resUri='platform:/resource/ovinger/jex/ov5.jex' fragmentId='//@requirements.3/@requirements.1/@requirements.6' key='test run status' value='false'/>
<eObjectEntry  timestamp='1330960207852' resUri='platform:/resource/ovinger/jex/ov5.jex' fragmentId='//@requirements.3/@requirements.1/@requirements.6' key='junit test launch' value='testDeal'/>
<eObjectEntry  timestamp='1330960208376' resUri='platform:/resource/ovinger/jex/ov5.jex' fragmentId='//@requirements.3/@requirements.1/@requirements.6' key='test run status' value='false'/>
<eObjectEntry  timestamp='1330960256788' resUri='platform:/resource/ovinger/jex/ov5.jex' fragmentId='//@requirements.3/@requirements.1/@requirements.6' key='junit test launch' value='testDeal'/>
<eObjectEntry  timestamp='1330960257395' resUri='platform:/resource/ovinger/jex/ov5.jex' fragmentId='//@requirements.3/@requirements.1/@requirements.6' key='test run status' value='false'/>
<eObjectEntry  timestamp='1330960265992' resUri='platform:/resource/ovinger/jex/ov5.jex' fragmentId='//@requirements.3/@requirements.1/@requirements.6' key='junit test launch' value='testDeal'/>
<eObjectEntry  timestamp='1330960266885' resUri='platform:/resource/ovinger/jex/ov5.jex' fragmentId='//@requirements.3/@requirements.1/@requirements.6' key='test run status' value='false'/>
<eObjectEntry  timestamp='1330960282672' resUri='platform:/resource/ovinger/jex/ov5.jex' fragmentId='//@requirements.2/@requirements.0/@requirements.2' key='junit test launch' value='testIndexOfChild'/>
<eObjectEntry  timestamp='1330960283171' resUri='platform:/resource/ovinger/jex/ov5.jex' fragmentId='//@requirements.2/@requirements.0/@requirements.2' key='test run status' value='true'/>
<eObjectEntry  timestamp='1330960285679' resUri='platform:/resource/ovinger/jex/ov5.jex' fragmentId='//@requirements.2/@requirements.0/@requirements.3' key='junit test launch' value='testContainsChild'/>
<eObjectEntry  timestamp='1330960286367' resUri='platform:/resource/ovinger/jex/ov5.jex' fragmentId='//@requirements.2/@requirements.0/@requirements.3' key='test run status' value='true'/>
<eObjectEntry  timestamp='1330960294909' resUri='platform:/resource/ovinger/jex/ov5.jex' fragmentId='//@requirements.2/@requirements.0/@requirements.5' key='junit test launch' value='testIsAncestorOf'/>
<eObjectEntry  timestamp='1330960295306' resUri='platform:/resource/ovinger/jex/ov5.jex' fragmentId='//@requirements.2/@requirements.0/@requirements.5' key='test run status' value='true'/>
<eObjectEntry  timestamp='1330960366103' resUri='platform:/resource/ovinger/jex/ov5.jex' fragmentId='//@requirements.3/@requirements.1/@requirements.6' key='junit test launch' value='testDeal'/>
<eObjectEntry  timestamp='1330960368219' resUri='platform:/resource/ovinger/jex/ov5.jex' fragmentId='//@requirements.3/@requirements.1/@requirements.6' key='test run status' value='false'/>
<eObjectEntry  timestamp='1330960403192' resUri='platform:/resource/ovinger/jex/ov5.jex' fragmentId='//@requirements.3/@requirements.1/@requirements.6' key='junit test launch' value='testDeal'/>
<eObjectEntry  timestamp='1330960403752' resUri='platform:/resource/ovinger/jex/ov5.jex' fragmentId='//@requirements.3/@requirements.1/@requirements.6' key='test run status' value='false'/>
<eObjectEntry  timestamp='1330960767815' resUri='platform:/resource/ovinger/jex/ov5.jex' fragmentId='//@requirements.3/@requirements.1/@requirements.6' key='junit test launch' value='testDeal'/>
<eObjectEntry  timestamp='1330960768874' resUri='platform:/resource/ovinger/jex/ov5.jex' fragmentId='//@requirements.3/@requirements.1/@requirements.6' key='test run status' value='false'/>
<eObjectEntry  timestamp='1330960977451' resUri='platform:/resource/ovinger/jex/ov5.jex' fragmentId='//@requirements.3/@requirements.1/@requirements.6' key='junit test launch' value='testDeal'/>
<eObjectEntry  timestamp='1330960977958' resUri='platform:/resource/ovinger/jex/ov5.jex' fragmentId='//@requirements.3/@requirements.1/@requirements.6' key='test run status' value='false'/>
<eObjectEntry  timestamp='1330961022920' resUri='platform:/resource/ovinger/jex/ov5.jex' fragmentId='//@requirements.3/@requirements.1/@requirements.6' key='junit test launch' value='testDeal'/>
<eObjectEntry  timestamp='1330961023305' resUri='platform:/resource/ovinger/jex/ov5.jex' fragmentId='//@requirements.3/@requirements.1/@requirements.6' key='test run status' value='false'/>
<eObjectEntry  timestamp='1331025658799' resUri='platform:/resource/ovinger/jex/ov5.jex' fragmentId='//@requirements.3/@requirements.1/@requirements.6' key='junit test launch' value='testDeal'/>
<eObjectEntry  timestamp='1331025659772' resUri='platform:/resource/ovinger/jex/ov5.jex' fragmentId='//@requirements.3/@requirements.1/@requirements.6' key='test run status' value='true'/>
<eObjectEntry  timestamp='1331025663875' resUri='platform:/resource/ovinger/jex/ov5.jex' fragmentId='//@requirements.3/@requirements.1/@requirements.4' key='junit test launch' value='testGetCard'/>
<eObjectEntry  timestamp='1331025664343' resUri='platform:/resource/ovinger/jex/ov5.jex' fragmentId='//@requirements.3/@requirements.1/@requirements.4' key='test run status' value='true'/>
<eObjectEntry  timestamp='1331025667169' resUri='platform:/resource/ovinger/jex/ov5.jex' fragmentId='//@requirements.3/@requirements.1/@requirements.3' key='junit test launch' value='testCardDeck'/>
<eObjectEntry  timestamp='1331025667531' resUri='platform:/resource/ovinger/jex/ov5.jex' fragmentId='//@requirements.3/@requirements.1/@requirements.3' key='test run status' value='true'/>
<eObjectEntry  timestamp='1331025676575' resUri='platform:/resource/ovinger/jex/ov5.jex' fragmentId='//@requirements.3/@requirements.0/@requirements.4' key='junit test launch' value='testCard'/>
<eObjectEntry  timestamp='1331025677023' resUri='platform:/resource/ovinger/jex/ov5.jex' fragmentId='//@requirements.3/@requirements.0/@requirements.4' key='test run status' value='true'/>
<eObjectEntry  timestamp='1331025679969' resUri='platform:/resource/ovinger/jex/ov5.jex' fragmentId='//@requirements.3/@requirements.0/@requirements.5' key='junit test launch' value='testToString'/>
<eObjectEntry  timestamp='1331025680305' resUri='platform:/resource/ovinger/jex/ov5.jex' fragmentId='//@requirements.3/@requirements.0/@requirements.5' key='test run status' value='true'/>
<eObjectEntry  timestamp='1331025690538' resUri='platform:/resource/ovinger/jex/ov5.jex' fragmentId='//@requirements.0/@requirements.0/@requirements.3' key='junit test launch' value='testPerson'/>
<eObjectEntry  timestamp='1331025691082' resUri='platform:/resource/ovinger/jex/ov5.jex' fragmentId='//@requirements.0/@requirements.0/@requirements.3' key='test run status' value='true'/>
<eObjectEntry  timestamp='1331025694191' resUri='platform:/resource/ovinger/jex/ov5.jex' fragmentId='//@requirements.0/@requirements.0/@requirements.4' key='junit test launch' value='testGender'/>
<eObjectEntry  timestamp='1331025694567' resUri='platform:/resource/ovinger/jex/ov5.jex' fragmentId='//@requirements.0/@requirements.0/@requirements.4' key='test run status' value='true'/>
<eObjectEntry  timestamp='1331025699656' resUri='platform:/resource/ovinger/jex/ov5.jex' fragmentId='//@requirements.0/@requirements.0/@requirements.7' key='junit test launch' value='testGetSetName'/>
<eObjectEntry  timestamp='1331025700150' resUri='platform:/resource/ovinger/jex/ov5.jex' fragmentId='//@requirements.0/@requirements.0/@requirements.7' key='test run status' value='true'/>
<eObjectEntry  timestamp='1331025709463' resUri='platform:/resource/ovinger/jex/ov5.jex' fragmentId='//@requirements.1/@requirements.0/@requirements.8' key='junit test launch' value='testAddChild'/>
<eObjectEntry  timestamp='1331025709895' resUri='platform:/resource/ovinger/jex/ov5.jex' fragmentId='//@requirements.1/@requirements.0/@requirements.8' key='test run status' value='true'/>
<eObjectEntry  timestamp='1331025712282' resUri='platform:/resource/ovinger/jex/ov5.jex' fragmentId='//@requirements.1/@requirements.0/@requirements.9' key='junit test launch' value='testSetAsAddChild'/>
<eObjectEntry  timestamp='1331025713097' resUri='platform:/resource/ovinger/jex/ov5.jex' fragmentId='//@requirements.1/@requirements.0/@requirements.9' key='test run status' value='true'/>
<eObjectEntry  timestamp='1331025715634' resUri='platform:/resource/ovinger/jex/ov5.jex' fragmentId='//@requirements.1/@requirements.0/@requirements.10' key='junit test launch' value='testRemoveChild'/>
<eObjectEntry  timestamp='1331025716228' resUri='platform:/resource/ovinger/jex/ov5.jex' fragmentId='//@requirements.1/@requirements.0/@requirements.10' key='test run status' value='true'/>
<eObjectEntry  timestamp='1331025718925' resUri='platform:/resource/ovinger/jex/ov5.jex' fragmentId='//@requirements.1/@requirements.0/@requirements.11' key='junit test launch' value='testSetAsRemoveChild'/>
<eObjectEntry  timestamp='1331025719406' resUri='platform:/resource/ovinger/jex/ov5.jex' fragmentId='//@requirements.1/@requirements.0/@requirements.11' key='test run status' value='true'/>
<eObjectEntry  timestamp='1331025722306' resUri='platform:/resource/ovinger/jex/ov5.jex' fragmentId='//@requirements.1/@requirements.0/@requirements.12' key='junit test launch' value='testGetSetParents'/>
<eObjectEntry  timestamp='1331025722667' resUri='platform:/resource/ovinger/jex/ov5.jex' fragmentId='//@requirements.1/@requirements.0/@requirements.12' key='test run status' value='true'/>
<eResourceEntry  timestamp='1333109966996' resUri='platform:/resource/ovinger/jex/ov5.jex' key='resource selected' value='null'/>
<eObjectEntry  timestamp='1333109971517' resUri='platform:/resource/ovinger/jex/ov5.jex' fragmentId='//@javaElements.0/@classes.0' key='junit test launch' value='AllTests'/>
<eObjectEntry  timestamp='1333109972438' resUri='platform:/resource/ovinger/jex/ov5.jex' fragmentId='//@requirements.0/@requirements.0/@requirements.3' key='test run status' value='true'/>
<eObjectEntry  timestamp='1333109972454' resUri='platform:/resource/ovinger/jex/ov5.jex' fragmentId='//@requirements.0/@requirements.0/@requirements.4' key='test run status' value='true'/>
<eObjectEntry  timestamp='1333109972470' resUri='platform:/resource/ovinger/jex/ov5.jex' fragmentId='//@requirements.0/@requirements.0/@requirements.7' key='test run status' value='true'/>
<eObjectEntry  timestamp='1333109972483' resUri='platform:/resource/ovinger/jex/ov5.jex' fragmentId='//@requirements.1/@requirements.0/@requirements.8' key='test run status' value='true'/>
<eObjectEntry  timestamp='1333109972506' resUri='platform:/resource/ovinger/jex/ov5.jex' fragmentId='//@requirements.1/@requirements.0/@requirements.9' key='test run status' value='true'/>
<eObjectEntry  timestamp='1333109972518' resUri='platform:/resource/ovinger/jex/ov5.jex' fragmentId='//@requirements.1/@requirements.0/@requirements.10' key='test run status' value='true'/>
<eObjectEntry  timestamp='1333109972534' resUri='platform:/resource/ovinger/jex/ov5.jex' fragmentId='//@requirements.1/@requirements.0/@requirements.11' key='test run status' value='true'/>
<eObjectEntry  timestamp='1333109972550' resUri='platform:/resource/ovinger/jex/ov5.jex' fragmentId='//@requirements.1/@requirements.0/@requirements.12' key='test run status' value='true'/>
<eObjectEntry  timestamp='1333109972565' resUri='platform:/resource/ovinger/jex/ov5.jex' fragmentId='//@requirements.2/@requirements.0/@requirements.2' key='test run status' value='true'/>
<eObjectEntry  timestamp='1333109972576' resUri='platform:/resource/ovinger/jex/ov5.jex' fragmentId='//@requirements.2/@requirements.0/@requirements.3' key='test run status' value='true'/>
<eObjectEntry  timestamp='1333109972587' resUri='platform:/resource/ovinger/jex/ov5.jex' fragmentId='//@requirements.2/@requirements.0/@requirements.5' key='test run status' value='true'/>
<eObjectEntry  timestamp='1333109972598' resUri='platform:/resource/ovinger/jex/ov5.jex' fragmentId='//@requirements.3/@requirements.0/@requirements.4' key='test run status' value='true'/>
<eObjectEntry  timestamp='1333109972613' resUri='platform:/resource/ovinger/jex/ov5.jex' fragmentId='//@requirements.3/@requirements.0/@requirements.5' key='test run status' value='true'/>
<eObjectEntry  timestamp='1333109972630' resUri='platform:/resource/ovinger/jex/ov5.jex' fragmentId='//@requirements.3/@requirements.1/@requirements.3' key='test run status' value='true'/>
<eObjectEntry  timestamp='1333109972643' resUri='platform:/resource/ovinger/jex/ov5.jex' fragmentId='//@requirements.3/@requirements.1/@requirements.4' key='test run status' value='true'/>
<eObjectEntry  timestamp='1333109972655' resUri='platform:/resource/ovinger/jex/ov5.jex' fragmentId='//@requirements.3/@requirements.1/@requirements.6' key='test run status' value='true'/>
