<eResourceEntry  timestamp='1331027030473' resUri='platform:/resource/ovinger/jex/ov6.jex' key='resource selected' value='null'/>
<eObjectEntry  timestamp='1331027034950' resUri='platform:/resource/ovinger/jex/ov6.jex' fragmentId='//@requirements.0/@requirements.1' key='junit test launch' value='CardTest'/>
<eObjectEntry  timestamp='1331027035518' resUri='platform:/resource/ovinger/jex/ov6.jex' fragmentId='//@requirements.0/@requirements.1' key='test run status' value='false'/>
<eObjectEntry  timestamp='1331027035523' resUri='platform:/resource/ovinger/jex/ov6.jex' fragmentId='//@requirements.0/@requirements.1/@requirements.0' key='test run status' value='true'/>
<eObjectEntry  timestamp='1331027035562' resUri='platform:/resource/ovinger/jex/ov6.jex' fragmentId='//@requirements.0/@requirements.1/@requirements.1' key='test run status' value='true'/>
<eObjectEntry  timestamp='1331027035565' resUri='platform:/resource/ovinger/jex/ov6.jex' fragmentId='//@requirements.0/@requirements.1/@requirements.2' key='test run status' value='true'/>
<eObjectEntry  timestamp='1331027035569' resUri='platform:/resource/ovinger/jex/ov6.jex' fragmentId='//@requirements.0/@requirements.1/@requirements.3' key='test run status' value='false'/>
<eObjectEntry  timestamp='1331027084602' resUri='platform:/resource/ovinger/jex/ov6.jex' fragmentId='//@requirements.0/@requirements.1' key='junit test launch' value='CardTest'/>
<eObjectEntry  timestamp='1331027085159' resUri='platform:/resource/ovinger/jex/ov6.jex' fragmentId='//@requirements.0/@requirements.1' key='test run status' value='false'/>
<eObjectEntry  timestamp='1331027085162' resUri='platform:/resource/ovinger/jex/ov6.jex' fragmentId='//@requirements.0/@requirements.1/@requirements.0' key='test run status' value='true'/>
<eObjectEntry  timestamp='1331027085167' resUri='platform:/resource/ovinger/jex/ov6.jex' fragmentId='//@requirements.0/@requirements.1/@requirements.1' key='test run status' value='true'/>
<eObjectEntry  timestamp='1331027085172' resUri='platform:/resource/ovinger/jex/ov6.jex' fragmentId='//@requirements.0/@requirements.1/@requirements.2' key='test run status' value='true'/>
<eObjectEntry  timestamp='1331027085178' resUri='platform:/resource/ovinger/jex/ov6.jex' fragmentId='//@requirements.0/@requirements.1/@requirements.3' key='test run status' value='false'/>
<eObjectEntry  timestamp='1331027175947' resUri='platform:/resource/ovinger/jex/ov6.jex' fragmentId='//@requirements.0/@requirements.1' key='junit test launch' value='CardTest'/>
<eObjectEntry  timestamp='1331027176993' resUri='platform:/resource/ovinger/jex/ov6.jex' fragmentId='//@requirements.0/@requirements.1' key='test run status' value='false'/>
<eObjectEntry  timestamp='1331027177000' resUri='platform:/resource/ovinger/jex/ov6.jex' fragmentId='//@requirements.0/@requirements.1/@requirements.0' key='test run status' value='true'/>
<eObjectEntry  timestamp='1331027177007' resUri='platform:/resource/ovinger/jex/ov6.jex' fragmentId='//@requirements.0/@requirements.1/@requirements.1' key='test run status' value='true'/>
<eObjectEntry  timestamp='1331027177011' resUri='platform:/resource/ovinger/jex/ov6.jex' fragmentId='//@requirements.0/@requirements.1/@requirements.2' key='test run status' value='true'/>
<eObjectEntry  timestamp='1331027177019' resUri='platform:/resource/ovinger/jex/ov6.jex' fragmentId='//@requirements.0/@requirements.1/@requirements.3' key='test run status' value='false'/>
<eObjectEntry  timestamp='1331027199035' resUri='platform:/resource/ovinger/jex/ov6.jex' fragmentId='//@requirements.0/@requirements.1' key='test run status' value='false'/>
<eObjectEntry  timestamp='1331027199060' resUri='platform:/resource/ovinger/jex/ov6.jex' fragmentId='//@requirements.0/@requirements.1/@requirements.3' key='test run status' value='false'/>
<eResourceEntry  timestamp='1331027211628' resUri='platform:/resource/ovinger/jex/ov6.jex' key='resource selected' value='null'/>
<eObjectEntry  timestamp='1331027244775' resUri='platform:/resource/ovinger/jex/ov6.jex' fragmentId='//@requirements.0/@requirements.1' key='test run status' value='false'/>
<eObjectEntry  timestamp='1331027244782' resUri='platform:/resource/ovinger/jex/ov6.jex' fragmentId='//@requirements.0/@requirements.1/@requirements.3' key='test run status' value='false'/>
<eObjectEntry  timestamp='1331027453914' resUri='platform:/resource/ovinger/jex/ov6.jex' fragmentId='//@requirements.0/@requirements.1' key='test run status' value='false'/>
<eObjectEntry  timestamp='1331027453920' resUri='platform:/resource/ovinger/jex/ov6.jex' fragmentId='//@requirements.0/@requirements.1/@requirements.3' key='test run status' value='false'/>
<eObjectEntry  timestamp='1331027492233' resUri='platform:/resource/ovinger/jex/ov6.jex' fragmentId='//@requirements.0/@requirements.1/@requirements.3' key='test run status' value='true'/>
<eResourceEntry  timestamp='1331027533396' resUri='platform:/resource/ovinger/jex/ov6.jex' key='resource selected' value='null'/>
<eObjectEntry  timestamp='1331027687466' resUri='platform:/resource/ovinger/jex/ov6.jex' fragmentId='//@requirements.0/@requirements.1' key='junit test launch' value='CardTest'/>
<eObjectEntry  timestamp='1331027690132' resUri='platform:/resource/ovinger/jex/ov6.jex' fragmentId='//@requirements.0/@requirements.1' key='test run status' value='true'/>
<eObjectEntry  timestamp='1331027690138' resUri='platform:/resource/ovinger/jex/ov6.jex' fragmentId='//@requirements.0/@requirements.1/@requirements.0' key='test run status' value='true'/>
<eObjectEntry  timestamp='1331027690147' resUri='platform:/resource/ovinger/jex/ov6.jex' fragmentId='//@requirements.0/@requirements.1/@requirements.1' key='test run status' value='true'/>
<eObjectEntry  timestamp='1331027690153' resUri='platform:/resource/ovinger/jex/ov6.jex' fragmentId='//@requirements.0/@requirements.1/@requirements.2' key='test run status' value='true'/>
<eObjectEntry  timestamp='1331027690162' resUri='platform:/resource/ovinger/jex/ov6.jex' fragmentId='//@requirements.0/@requirements.1/@requirements.3' key='test run status' value='true'/>
<eObjectEntry  timestamp='1331029314664' resUri='platform:/resource/ovinger/jex/ov6.jex' fragmentId='//@requirements.1/@requirements.2/@requirements.0' key='junit test launch' value='testConstructor'/>
<eObjectEntry  timestamp='1331029315072' resUri='platform:/resource/ovinger/jex/ov6.jex' fragmentId='//@requirements.1/@requirements.2/@requirements.0' key='test run status' value='true'/>
<eObjectEntry  timestamp='1331029317749' resUri='platform:/resource/ovinger/jex/ov6.jex' fragmentId='//@requirements.1/@requirements.2/@requirements.1' key='junit test launch' value='testGetBalance'/>
<eObjectEntry  timestamp='1331029319285' resUri='platform:/resource/ovinger/jex/ov6.jex' fragmentId='//@requirements.1/@requirements.2/@requirements.1' key='test run status' value='true'/>
<eObjectEntry  timestamp='1331029321952' resUri='platform:/resource/ovinger/jex/ov6.jex' fragmentId='//@requirements.1/@requirements.2/@requirements.2' key='junit test launch' value='testGetCredit'/>
<eObjectEntry  timestamp='1331029322419' resUri='platform:/resource/ovinger/jex/ov6.jex' fragmentId='//@requirements.1/@requirements.2/@requirements.2' key='test run status' value='true'/>
<eObjectEntry  timestamp='1331029325543' resUri='platform:/resource/ovinger/jex/ov6.jex' fragmentId='//@requirements.1/@requirements.2' key='junit test launch' value='SavingsAccountTest'/>
<eObjectEntry  timestamp='1331029326001' resUri='platform:/resource/ovinger/jex/ov6.jex' fragmentId='//@requirements.1/@requirements.2' key='test run status' value='false'/>
<eObjectEntry  timestamp='1331029326008' resUri='platform:/resource/ovinger/jex/ov6.jex' fragmentId='//@requirements.1/@requirements.2/@requirements.0' key='test run status' value='true'/>
<eObjectEntry  timestamp='1331029326019' resUri='platform:/resource/ovinger/jex/ov6.jex' fragmentId='//@requirements.1/@requirements.2/@requirements.1' key='test run status' value='true'/>
<eObjectEntry  timestamp='1331029326026' resUri='platform:/resource/ovinger/jex/ov6.jex' fragmentId='//@requirements.1/@requirements.2/@requirements.2' key='test run status' value='true'/>
<eObjectEntry  timestamp='1331029326033' resUri='platform:/resource/ovinger/jex/ov6.jex' fragmentId='//@requirements.1/@requirements.2/@requirements.3' key='test run status' value='false'/>
<eObjectEntry  timestamp='1331029326041' resUri='platform:/resource/ovinger/jex/ov6.jex' fragmentId='//@requirements.1/@requirements.2/@requirements.4' key='test run status' value='true'/>
<eObjectEntry  timestamp='1331029341201' resUri='platform:/resource/ovinger/jex/ov6.jex' fragmentId='//@requirements.1/@requirements.2/@requirements.3' key='junit test launch' value='testWithdraw'/>
<eObjectEntry  timestamp='1331029341619' resUri='platform:/resource/ovinger/jex/ov6.jex' fragmentId='//@requirements.1/@requirements.2' key='test run status' value='false'/>
<eObjectEntry  timestamp='1331029341631' resUri='platform:/resource/ovinger/jex/ov6.jex' fragmentId='//@requirements.1/@requirements.2/@requirements.3' key='test run status' value='false'/>
<eObjectEntry  timestamp='1331029387902' resUri='platform:/resource/ovinger/jex/ov6.jex' fragmentId='//@requirements.1/@requirements.2/@requirements.3' key='junit test launch' value='testWithdraw'/>
<eObjectEntry  timestamp='1331029388271' resUri='platform:/resource/ovinger/jex/ov6.jex' fragmentId='//@requirements.1/@requirements.2' key='test run status' value='false'/>
<eObjectEntry  timestamp='1331029388288' resUri='platform:/resource/ovinger/jex/ov6.jex' fragmentId='//@requirements.1/@requirements.2/@requirements.3' key='test run status' value='false'/>
<eObjectEntry  timestamp='1331029533095' resUri='platform:/resource/ovinger/jex/ov6.jex' fragmentId='//@requirements.1/@requirements.2/@requirements.3' key='junit test launch' value='testWithdraw'/>
<eObjectEntry  timestamp='1331029533469' resUri='platform:/resource/ovinger/jex/ov6.jex' fragmentId='//@requirements.1/@requirements.2' key='test run status' value='false'/>
<eObjectEntry  timestamp='1331029533479' resUri='platform:/resource/ovinger/jex/ov6.jex' fragmentId='//@requirements.1/@requirements.2/@requirements.3' key='test run status' value='false'/>
<eObjectEntry  timestamp='1331029707157' resUri='platform:/resource/ovinger/jex/ov6.jex' fragmentId='//@requirements.1/@requirements.2/@requirements.3' key='junit test launch' value='testWithdraw'/>
<eObjectEntry  timestamp='1331029707527' resUri='platform:/resource/ovinger/jex/ov6.jex' fragmentId='//@requirements.1/@requirements.2' key='test run status' value='false'/>
<eObjectEntry  timestamp='1331029707536' resUri='platform:/resource/ovinger/jex/ov6.jex' fragmentId='//@requirements.1/@requirements.2/@requirements.3' key='test run status' value='false'/>
<eObjectEntry  timestamp='1331029894696' resUri='platform:/resource/ovinger/jex/ov6.jex' fragmentId='//@requirements.1/@requirements.2' key='junit test launch' value='SavingsAccountTest'/>
<eObjectEntry  timestamp='1331029895130' resUri='platform:/resource/ovinger/jex/ov6.jex' fragmentId='//@requirements.1/@requirements.2' key='test run status' value='true'/>
<eObjectEntry  timestamp='1331029895139' resUri='platform:/resource/ovinger/jex/ov6.jex' fragmentId='//@requirements.1/@requirements.2/@requirements.0' key='test run status' value='true'/>
<eObjectEntry  timestamp='1331029895150' resUri='platform:/resource/ovinger/jex/ov6.jex' fragmentId='//@requirements.1/@requirements.2/@requirements.1' key='test run status' value='true'/>
<eObjectEntry  timestamp='1331029895162' resUri='platform:/resource/ovinger/jex/ov6.jex' fragmentId='//@requirements.1/@requirements.2/@requirements.2' key='test run status' value='true'/>
<eObjectEntry  timestamp='1331029895172' resUri='platform:/resource/ovinger/jex/ov6.jex' fragmentId='//@requirements.1/@requirements.2/@requirements.3' key='test run status' value='true'/>
<eObjectEntry  timestamp='1331029895183' resUri='platform:/resource/ovinger/jex/ov6.jex' fragmentId='//@requirements.1/@requirements.2/@requirements.4' key='test run status' value='true'/>
<eObjectEntry  timestamp='1331030687651' resUri='platform:/resource/ovinger/jex/ov6.jex' fragmentId='//@requirements.1/@requirements.4' key='junit test launch' value='CreditAccountTest'/>
<eObjectEntry  timestamp='1331030690045' resUri='platform:/resource/ovinger/jex/ov6.jex' fragmentId='//@requirements.1/@requirements.4' key='test run status' value='false'/>
<eObjectEntry  timestamp='1331030690055' resUri='platform:/resource/ovinger/jex/ov6.jex' fragmentId='//@requirements.1/@requirements.4/@requirements.0' key='test run status' value='true'/>
<eObjectEntry  timestamp='1331030690066' resUri='platform:/resource/ovinger/jex/ov6.jex' fragmentId='//@requirements.1/@requirements.4/@requirements.1' key='test run status' value='false'/>
<eObjectEntry  timestamp='1331030690076' resUri='platform:/resource/ovinger/jex/ov6.jex' fragmentId='//@requirements.1/@requirements.4/@requirements.2' key='test run status' value='true'/>
<eObjectEntry  timestamp='1331030690088' resUri='platform:/resource/ovinger/jex/ov6.jex' fragmentId='//@requirements.1/@requirements.4/@requirements.3' key='test run status' value='false'/>
<eObjectEntry  timestamp='1331030690100' resUri='platform:/resource/ovinger/jex/ov6.jex' fragmentId='//@requirements.1/@requirements.4/@requirements.4' key='test run status' value='true'/>
<eObjectEntry  timestamp='1331030690110' resUri='platform:/resource/ovinger/jex/ov6.jex' fragmentId='//@requirements.1/@requirements.4/@requirements.5' key='test run status' value='false'/>
<eObjectEntry  timestamp='1331030700621' resUri='platform:/resource/ovinger/jex/ov6.jex' fragmentId='//@requirements.1/@requirements.4/@requirements.1' key='junit test launch' value='testGetBalance'/>
<eObjectEntry  timestamp='1331030701000' resUri='platform:/resource/ovinger/jex/ov6.jex' fragmentId='//@requirements.1/@requirements.4' key='test run status' value='false'/>
<eObjectEntry  timestamp='1331030701021' resUri='platform:/resource/ovinger/jex/ov6.jex' fragmentId='//@requirements.1/@requirements.4/@requirements.1' key='test run status' value='false'/>
<eObjectEntry  timestamp='1331030767219' resUri='platform:/resource/ovinger/jex/ov6.jex' fragmentId='//@requirements.1/@requirements.4/@requirements.1' key='junit test launch' value='testGetBalance'/>
<eObjectEntry  timestamp='1331030767638' resUri='platform:/resource/ovinger/jex/ov6.jex' fragmentId='//@requirements.1/@requirements.4' key='test run status' value='false'/>
<eObjectEntry  timestamp='1331030767656' resUri='platform:/resource/ovinger/jex/ov6.jex' fragmentId='//@requirements.1/@requirements.4/@requirements.1' key='test run status' value='false'/>
<eObjectEntry  timestamp='1331030999927' resUri='platform:/resource/ovinger/jex/ov6.jex' fragmentId='//@requirements.1/@requirements.4/@requirements.1' key='junit test launch' value='testGetBalance'/>
<eObjectEntry  timestamp='1331031002180' resUri='platform:/resource/ovinger/jex/ov6.jex' fragmentId='//@requirements.1/@requirements.4/@requirements.1' key='test run status' value='true'/>
<eObjectEntry  timestamp='1331031008227' resUri='platform:/resource/ovinger/jex/ov6.jex' fragmentId='//@requirements.1/@requirements.4/@requirements.3' key='junit test launch' value='testWithdraw'/>
<eObjectEntry  timestamp='1331031008609' resUri='platform:/resource/ovinger/jex/ov6.jex' fragmentId='//@requirements.1/@requirements.4/@requirements.3' key='test run status' value='true'/>
<eObjectEntry  timestamp='1331031011526' resUri='platform:/resource/ovinger/jex/ov6.jex' fragmentId='//@requirements.1/@requirements.4/@requirements.5' key='junit test launch' value='testGetFees'/>
<eObjectEntry  timestamp='1331031011909' resUri='platform:/resource/ovinger/jex/ov6.jex' fragmentId='//@requirements.1/@requirements.4/@requirements.5' key='test run status' value='true'/>
<eObjectEntry  timestamp='1331031017831' resUri='platform:/resource/ovinger/jex/ov6.jex' fragmentId='//@requirements.1/@requirements.4' key='junit test launch' value='CreditAccountTest'/>
<eObjectEntry  timestamp='1331031018296' resUri='platform:/resource/ovinger/jex/ov6.jex' fragmentId='//@requirements.1/@requirements.4' key='test run status' value='false'/>
<eObjectEntry  timestamp='1331031018306' resUri='platform:/resource/ovinger/jex/ov6.jex' fragmentId='//@requirements.1/@requirements.4/@requirements.0' key='test run status' value='false'/>
<eObjectEntry  timestamp='1331031018318' resUri='platform:/resource/ovinger/jex/ov6.jex' fragmentId='//@requirements.1/@requirements.4/@requirements.1' key='test run status' value='true'/>
<eObjectEntry  timestamp='1331031018334' resUri='platform:/resource/ovinger/jex/ov6.jex' fragmentId='//@requirements.1/@requirements.4/@requirements.2' key='test run status' value='false'/>
<eObjectEntry  timestamp='1331031018343' resUri='platform:/resource/ovinger/jex/ov6.jex' fragmentId='//@requirements.1/@requirements.4/@requirements.3' key='test run status' value='true'/>
<eObjectEntry  timestamp='1331031018354' resUri='platform:/resource/ovinger/jex/ov6.jex' fragmentId='//@requirements.1/@requirements.4/@requirements.4' key='test run status' value='true'/>
<eObjectEntry  timestamp='1331031018364' resUri='platform:/resource/ovinger/jex/ov6.jex' fragmentId='//@requirements.1/@requirements.4/@requirements.5' key='test run status' value='true'/>
<eObjectEntry  timestamp='1331031052181' resUri='platform:/resource/ovinger/jex/ov6.jex' fragmentId='//@requirements.1/@requirements.4' key='junit test launch' value='CreditAccountTest'/>
<eObjectEntry  timestamp='1331031052623' resUri='platform:/resource/ovinger/jex/ov6.jex' fragmentId='//@requirements.1/@requirements.4' key='test run status' value='true'/>
<eObjectEntry  timestamp='1331031052635' resUri='platform:/resource/ovinger/jex/ov6.jex' fragmentId='//@requirements.1/@requirements.4/@requirements.0' key='test run status' value='true'/>
<eObjectEntry  timestamp='1331031052649' resUri='platform:/resource/ovinger/jex/ov6.jex' fragmentId='//@requirements.1/@requirements.4/@requirements.1' key='test run status' value='true'/>
<eObjectEntry  timestamp='1331031052665' resUri='platform:/resource/ovinger/jex/ov6.jex' fragmentId='//@requirements.1/@requirements.4/@requirements.2' key='test run status' value='true'/>
<eObjectEntry  timestamp='1331031052678' resUri='platform:/resource/ovinger/jex/ov6.jex' fragmentId='//@requirements.1/@requirements.4/@requirements.3' key='test run status' value='true'/>
<eObjectEntry  timestamp='1331031052690' resUri='platform:/resource/ovinger/jex/ov6.jex' fragmentId='//@requirements.1/@requirements.4/@requirements.4' key='test run status' value='true'/>
<eObjectEntry  timestamp='1331031052707' resUri='platform:/resource/ovinger/jex/ov6.jex' fragmentId='//@requirements.1/@requirements.4/@requirements.5' key='test run status' value='true'/>
<eObjectEntry  timestamp='1331113073122' resUri='platform:/resource/ovinger/jex/ov6.jex' fragmentId='//@requirements.1/@requirements.6' key='junit test launch' value='AccountOverviewTest'/>
<eObjectEntry  timestamp='1331113074066' resUri='platform:/resource/ovinger/jex/ov6.jex' fragmentId='//@requirements.1/@requirements.6' key='test run status' value='true'/>
<eObjectEntry  timestamp='1331113074092' resUri='platform:/resource/ovinger/jex/ov6.jex' fragmentId='//@requirements.1/@requirements.6/@requirements.0' key='test run status' value='true'/>
<eObjectEntry  timestamp='1331113074106' resUri='platform:/resource/ovinger/jex/ov6.jex' fragmentId='//@requirements.1/@requirements.6/@requirements.1' key='test run status' value='true'/>
<eObjectEntry  timestamp='1331113074121' resUri='platform:/resource/ovinger/jex/ov6.jex' fragmentId='//@requirements.1/@requirements.6/@requirements.2' key='test run status' value='true'/>
<eObjectEntry  timestamp='1331113074135' resUri='platform:/resource/ovinger/jex/ov6.jex' fragmentId='//@requirements.1/@requirements.6/@requirements.3' key='test run status' value='true'/>
<eResourceEntry  timestamp='1333110012786' resUri='platform:/resource/ovinger/jex/ov6.jex' key='resource selected' value='null'/>
<eObjectEntry  timestamp='1333110013910' resUri='platform:/resource/ovinger/jex/ov6.jex' fragmentId='//@javaElements.0/@classes.9' key='junit test launch' value='AllTests'/>
<eObjectEntry  timestamp='1333110014687' resUri='platform:/resource/ovinger/jex/ov6.jex' fragmentId='//@requirements.0/@requirements.1' key='test run status' value='true'/>
<eObjectEntry  timestamp='1333110014706' resUri='platform:/resource/ovinger/jex/ov6.jex' fragmentId='//@requirements.0/@requirements.1/@requirements.0' key='test run status' value='true'/>
<eObjectEntry  timestamp='1333110014721' resUri='platform:/resource/ovinger/jex/ov6.jex' fragmentId='//@requirements.0/@requirements.1/@requirements.1' key='test run status' value='true'/>
<eObjectEntry  timestamp='1333110014730' resUri='platform:/resource/ovinger/jex/ov6.jex' fragmentId='//@requirements.0/@requirements.1/@requirements.2' key='test run status' value='true'/>
<eObjectEntry  timestamp='1333110014740' resUri='platform:/resource/ovinger/jex/ov6.jex' fragmentId='//@requirements.0/@requirements.1/@requirements.3' key='test run status' value='true'/>
<eObjectEntry  timestamp='1333110014753' resUri='platform:/resource/ovinger/jex/ov6.jex' fragmentId='//@requirements.1/@requirements.2' key='test run status' value='true'/>
<eObjectEntry  timestamp='1333110014764' resUri='platform:/resource/ovinger/jex/ov6.jex' fragmentId='//@requirements.1/@requirements.2/@requirements.0' key='test run status' value='true'/>
<eObjectEntry  timestamp='1333110014783' resUri='platform:/resource/ovinger/jex/ov6.jex' fragmentId='//@requirements.1/@requirements.2/@requirements.1' key='test run status' value='true'/>
<eObjectEntry  timestamp='1333110014794' resUri='platform:/resource/ovinger/jex/ov6.jex' fragmentId='//@requirements.1/@requirements.2/@requirements.2' key='test run status' value='true'/>
<eObjectEntry  timestamp='1333110014804' resUri='platform:/resource/ovinger/jex/ov6.jex' fragmentId='//@requirements.1/@requirements.2/@requirements.3' key='test run status' value='true'/>
<eObjectEntry  timestamp='1333110014814' resUri='platform:/resource/ovinger/jex/ov6.jex' fragmentId='//@requirements.1/@requirements.2/@requirements.4' key='test run status' value='true'/>
<eObjectEntry  timestamp='1333110014826' resUri='platform:/resource/ovinger/jex/ov6.jex' fragmentId='//@requirements.1/@requirements.4' key='test run status' value='true'/>
<eObjectEntry  timestamp='1333110014836' resUri='platform:/resource/ovinger/jex/ov6.jex' fragmentId='//@requirements.1/@requirements.4/@requirements.0' key='test run status' value='true'/>
<eObjectEntry  timestamp='1333110014847' resUri='platform:/resource/ovinger/jex/ov6.jex' fragmentId='//@requirements.1/@requirements.4/@requirements.1' key='test run status' value='true'/>
<eObjectEntry  timestamp='1333110014857' resUri='platform:/resource/ovinger/jex/ov6.jex' fragmentId='//@requirements.1/@requirements.4/@requirements.2' key='test run status' value='true'/>
<eObjectEntry  timestamp='1333110014874' resUri='platform:/resource/ovinger/jex/ov6.jex' fragmentId='//@requirements.1/@requirements.4/@requirements.3' key='test run status' value='true'/>
<eObjectEntry  timestamp='1333110014886' resUri='platform:/resource/ovinger/jex/ov6.jex' fragmentId='//@requirements.1/@requirements.4/@requirements.4' key='test run status' value='true'/>
<eObjectEntry  timestamp='1333110014898' resUri='platform:/resource/ovinger/jex/ov6.jex' fragmentId='//@requirements.1/@requirements.4/@requirements.5' key='test run status' value='true'/>
<eObjectEntry  timestamp='1333110014963' resUri='platform:/resource/ovinger/jex/ov6.jex' fragmentId='//@requirements.1/@requirements.6' key='test run status' value='true'/>
<eObjectEntry  timestamp='1333110014986' resUri='platform:/resource/ovinger/jex/ov6.jex' fragmentId='//@requirements.1/@requirements.6/@requirements.0' key='test run status' value='true'/>
<eObjectEntry  timestamp='1333110014998' resUri='platform:/resource/ovinger/jex/ov6.jex' fragmentId='//@requirements.1/@requirements.6/@requirements.1' key='test run status' value='true'/>
<eObjectEntry  timestamp='1333110015012' resUri='platform:/resource/ovinger/jex/ov6.jex' fragmentId='//@requirements.1/@requirements.6/@requirements.2' key='test run status' value='true'/>
<eObjectEntry  timestamp='1333110015026' resUri='platform:/resource/ovinger/jex/ov6.jex' fragmentId='//@requirements.1/@requirements.6/@requirements.3' key='test run status' value='true'/>
